<?xml version="1.0" encoding="UTF-8"?>
<testsuite xmlns:xsi="http://www.w3.org/2001/XMLSchema-instance" xsi:noNamespaceSchemaLocation="https://maven.apache.org/surefire/maven-surefire-plugin/xsd/surefire-test-report-3.0.xsd" version="3.0" name="com.example.TodoControllerIntegrationTest" time="8.098" tests="6" errors="0" skipped="0" failures="0">
  <properties>
[...]
</properties>
  <testcase name="testGetAllTodos" classname="com.example.TodoControllerIntegrationTest" time="0.879">
    <system-out><![CDATA[16:43:09.885 [main] INFO org.springframework.test.context.support.AnnotationConfigContextLoaderUtils -- Could not detect default configuration classes for test class [com.example.TodoControllerIntegrationTest]: TodoControllerIntegrationTest does not declare any static, non-private, non-final, nested classes annotated with @Configuration.
16:43:10.090 [main] INFO org.springframework.boot.test.context.SpringBootTestContextBootstrapper -- Found @SpringBootConfiguration com.example.TodoApplication for test class com.example.TodoControllerIntegrationTest

  .   ____          _            __ _ _
 /\\ / ___'_ __ _ _(_)_ __  __ _ \ \ \ \
( ( )\___ | '_ | '_| | '_ \/ _` | \ \ \ \
 \\/  ___)| |_)| | | | | || (_| |  ) ) ) )
  '  |____| .__|_| |_|_| |_\__, | / / / /
 =========|_|==============|___/=/_/_/_/
 :: Spring Boot ::                (v3.2.0)

2026-04-02T16:43:10.771+09:00  INFO 27316 --- [           main] c.example.TodoControllerIntegrationTest  : Starting TodoControllerIntegrationTest using Java 25.0.2 with PID 27316 (started by kmura in C:\Users\kmura\Desktop\Claude_Projects\todo)
2026-04-02T16:43:10.773+09:00 DEBUG 27316 --- [           main] c.example.TodoControllerIntegrationTest  : Running with Spring Boot v3.2.0, Spring v6.1.1
2026-04-02T16:43:10.774+09:00  INFO 27316 --- [           main] c.example.TodoControllerIntegrationTest  : No active profile set, falling back to 1 default profile: "default"
2026-04-02T16:43:11.800+09:00  INFO 27316 --- [           main] .s.d.r.c.RepositoryConfigurationDelegate : Bootstrapping Spring Data JPA repositories in DEFAULT mode.
2026-04-02T16:43:11.866+09:00  INFO 27316 --- [           main] .s.d.r.c.RepositoryConfigurationDelegate : Finished Spring Data repository scanning in 55 ms. Found 1 JPA repository interface.
2026-04-02T16:43:12.578+09:00  INFO 27316 --- [           main] o.hibernate.jpa.internal.util.LogHelper  : HHH000204: Processing PersistenceUnitInfo [name: default]
2026-04-02T16:43:12.703+09:00  INFO 27316 --- [           main] org.hibernate.Version                    : HHH000412: Hibernate ORM core version 6.3.1.Final
2026-04-02T16:43:12.761+09:00  INFO 27316 --- [           main] o.h.c.internal.RegionFactoryInitiator    : HHH000026: Second-level cache disabled
2026-04-02T16:43:13.185+09:00  INFO 27316 --- [           main] o.s.o.j.p.SpringPersistenceUnitInfo      : No LoadTimeWeaver setup: ignoring JPA class transformer
2026-04-02T16:43:13.225+09:00  INFO 27316 --- [           main] com.zaxxer.hikari.HikariDataSource       : HikariPool-1 - Starting...
2026-04-02T16:43:13.567+09:00  INFO 27316 --- [           main] com.zaxxer.hikari.pool.HikariPool        : HikariPool-1 - Added connection conn0: url=jdbc:h2:mem:testdb user=SA
2026-04-02T16:43:13.570+09:00  INFO 27316 --- [           main] com.zaxxer.hikari.HikariDataSource       : HikariPool-1 - Start completed.
2026-04-02T16:43:13.608+09:00  WARN 27316 --- [           main] org.hibernate.orm.deprecation            : HHH90000025: H2Dialect does not need to be specified explicitly using 'hibernate.dialect' (remove the property setting and it will be selected by default)
2026-04-02T16:43:14.579+09:00  INFO 27316 --- [           main] o.h.e.t.j.p.i.JtaPlatformInitiator       : HHH000489: No JTA platform available (set 'hibernate.transaction.jta.platform' to enable JTA platform integration)
Hibernate: create table todos (id bigint generated by default as identity, completed boolean not null, description varchar(255), title varchar(255), primary key (id))
2026-04-02T16:43:14.647+09:00  INFO 27316 --- [           main] j.LocalContainerEntityManagerFactoryBean : Initialized JPA EntityManagerFactory for persistence unit 'default'
2026-04-02T16:43:15.417+09:00  WARN 27316 --- [           main] JpaBaseConfiguration$JpaWebConfiguration : spring.jpa.open-in-view is enabled by default. Therefore, database queries may be performed during view rendering. Explicitly configure spring.jpa.open-in-view to disable this warning
2026-04-02T16:43:16.082+09:00  INFO 27316 --- [           main] o.s.b.a.h2.H2ConsoleAutoConfiguration    : H2 console available at '/h2-console'. Database available at 'jdbc:h2:mem:testdb'
2026-04-02T16:43:16.188+09:00  INFO 27316 --- [           main] c.example.TodoControllerIntegrationTest  : Started TodoControllerIntegrationTest in 5.871 seconds (process running for 7.605)
2026-04-02T16:43:16.845+09:00  INFO 27316 --- [           main] o.s.b.t.m.w.SpringBootMockServletContext : Initializing Spring TestDispatcherServlet ''
2026-04-02T16:43:16.846+09:00  INFO 27316 --- [           main] o.s.t.web.servlet.TestDispatcherServlet  : Initializing Servlet ''
2026-04-02T16:43:16.847+09:00  INFO 27316 --- [           main] o.s.t.web.servlet.TestDispatcherServlet  : Completed initialization in 1 ms
Hibernate: select t1_0.id,t1_0.completed,t1_0.description,t1_0.title from todos t1_0
]]></system-out>
    <system-err><![CDATA[WARNING: A Java agent has been loaded dynamically (C:\Users\kmura\.m2\repository\net\bytebuddy\byte-buddy-agent\1.14.10\byte-buddy-agent-1.14.10.jar)
WARNING: If a serviceability tool is in use, please run with -XX:+EnableDynamicAgentLoading to hide this warning
WARNING: If a serviceability tool is not in use, please run with -Djdk.instrument.traceUsage for more information
WARNING: Dynamic loading of agents will be disallowed by default in a future release
]]></system-err>
  </testcase>
  <testcase name="testUpdateTodo" classname="com.example.TodoControllerIntegrationTest" time="0.557">
    <system-out><![CDATA[2026-04-02T16:43:17.103+09:00  INFO 27316 --- [           main] o.s.b.t.m.w.SpringBootMockServletContext : Initializing Spring TestDispatcherServlet ''
2026-04-02T16:43:17.103+09:00  INFO 27316 --- [           main] o.s.t.web.servlet.TestDispatcherServlet  : Initializing Servlet ''
2026-04-02T16:43:17.103+09:00  INFO 27316 --- [           main] o.s.t.web.servlet.TestDispatcherServlet  : Completed initialization in 0 ms
Hibernate: insert into todos (completed,description,title,id) values (?,?,?,default)
Hibernate: select count(*) from todos t1_0 where t1_0.id=?
Hibernate: select t1_0.id,t1_0.completed,t1_0.description,t1_0.title from todos t1_0 where t1_0.id=?
Hibernate: update todos set completed=?,description=?,title=? where id=?
]]></system-out>
  </testcase>
  <testcase name="testGetTodoById" classname="com.example.TodoControllerIntegrationTest" time="0.023">
    <system-out><![CDATA[2026-04-02T16:43:17.663+09:00  INFO 27316 --- [           main] o.s.b.t.m.w.SpringBootMockServletContext : Initializing Spring TestDispatcherServlet ''
2026-04-02T16:43:17.664+09:00  INFO 27316 --- [           main] o.s.t.web.servlet.TestDispatcherServlet  : Initializing Servlet ''
2026-04-02T16:43:17.665+09:00  INFO 27316 --- [           main] o.s.t.web.servlet.TestDispatcherServlet  : Completed initialization in 1 ms
Hibernate: insert into todos (completed,description,title,id) values (?,?,?,default)
Hibernate: select t1_0.id,t1_0.completed,t1_0.description,t1_0.title from todos t1_0 where t1_0.id=?
]]></system-out>
  </testcase>
  <testcase name="testCreateTodo" classname="com.example.TodoControllerIntegrationTest" time="0.012">
    <system-out><![CDATA[2026-04-02T16:43:17.687+09:00  INFO 27316 --- [           main] o.s.b.t.m.w.SpringBootMockServletContext : Initializing Spring TestDispatcherServlet ''
2026-04-02T16:43:17.687+09:00  INFO 27316 --- [           main] o.s.t.web.servlet.TestDispatcherServlet  : Initializing Servlet ''
2026-04-02T16:43:17.687+09:00  INFO 27316 --- [           main] o.s.t.web.servlet.TestDispatcherServlet  : Completed initialization in 0 ms
Hibernate: insert into todos (completed,description,title,id) values (?,?,?,default)
]]></system-out>
  </testcase>
  <testcase name="testDeleteTodo" classname="com.example.TodoControllerIntegrationTest" time="0.031">
    <system-out><![CDATA[2026-04-02T16:43:17.700+09:00  INFO 27316 --- [           main] o.s.b.t.m.w.SpringBootMockServletContext : Initializing Spring TestDispatcherServlet ''
2026-04-02T16:43:17.700+09:00  INFO 27316 --- [           main] o.s.t.web.servlet.TestDispatcherServlet  : Initializing Servlet ''
2026-04-02T16:43:17.701+09:00  INFO 27316 --- [           main] o.s.t.web.servlet.TestDispatcherServlet  : Completed initialization in 1 ms
Hibernate: insert into todos (completed,description,title,id) values (?,?,?,default)
Hibernate: select count(*) from todos t1_0 where t1_0.id=?
Hibernate: select t1_0.id,t1_0.completed,t1_0.description,t1_0.title from todos t1_0 where t1_0.id=?
Hibernate: delete from todos where id=?
Hibernate: select t1_0.id,t1_0.completed,t1_0.description,t1_0.title from todos t1_0 where t1_0.id=?
]]></system-out>
  </testcase>
  <testcase name="testGetTodoByIdNotFound" classname="com.example.TodoControllerIntegrationTest" time="0.011">
    <system-out><![CDATA[2026-04-02T16:43:17.734+09:00  INFO 27316 --- [           main] o.s.b.t.m.w.SpringBootMockServletContext : Initializing Spring TestDispatcherServlet ''
2026-04-02T16:43:17.735+09:00  INFO 27316 --- [           main] o.s.t.web.servlet.TestDispatcherServlet  : Initializing Servlet ''
2026-04-02T16:43:17.736+09:00  INFO 27316 --- [           main] o.s.t.web.servlet.TestDispatcherServlet  : Completed initialization in 1 ms
Hibernate: select t1_0.id,t1_0.completed,t1_0.description,t1_0.title from todos t1_0 where t1_0.id=?
]]></system-out>
  </testcase>
</testsuite>